D:\My_Documents\Visual Studio 2010\Projects\SpeechBCI\SpeechBCI\Debug\cl.command.1.tlog
D:\My_Documents\Visual Studio 2010\Projects\SpeechBCI\SpeechBCI\Debug\CL.read.1.tlog
D:\My_Documents\Visual Studio 2010\Projects\SpeechBCI\SpeechBCI\Debug\CL.write.1.tlog
D:\MY_DOCUMENTS\VISUAL STUDIO 2010\PROJECTS\SPEECHBCI\SPEECHBCI\DEBUG\CLASSIFICATION.OBJ
D:\My_Documents\Visual Studio 2010\Projects\SpeechBCI\SpeechBCI\Debug\link.3916.read.1.tlog
D:\My_Documents\Visual Studio 2010\Projects\SpeechBCI\SpeechBCI\Debug\link.3916.write.1.tlog
D:\My_Documents\Visual Studio 2010\Projects\SpeechBCI\SpeechBCI\Debug\link.3916-cvtres.read.1.tlog
D:\My_Documents\Visual Studio 2010\Projects\SpeechBCI\SpeechBCI\Debug\link.3916-cvtres.write.1.tlog
D:\My_Documents\Visual Studio 2010\Projects\SpeechBCI\SpeechBCI\Debug\link.command.1.tlog
D:\My_Documents\Visual Studio 2010\Projects\SpeechBCI\SpeechBCI\Debug\link.read.1.tlog
D:\My_Documents\Visual Studio 2010\Projects\SpeechBCI\SpeechBCI\Debug\link.write.1.tlog
D:\My_Documents\Visual Studio 2010\Projects\SpeechBCI\SpeechBCI\Debug\link-cvtres.read.1.tlog
D:\My_Documents\Visual Studio 2010\Projects\SpeechBCI\SpeechBCI\Debug\link-cvtres.write.1.tlog
D:\My_Documents\Visual Studio 2010\Projects\SpeechBCI\SpeechBCI\Debug\mt.command.1.tlog
D:\My_Documents\Visual Studio 2010\Projects\SpeechBCI\SpeechBCI\Debug\mt.read.1.tlog
D:\My_Documents\Visual Studio 2010\Projects\SpeechBCI\SpeechBCI\Debug\mt.write.1.tlog
D:\My_Documents\Visual Studio 2010\Projects\SpeechBCI\SpeechBCI\Debug\rc.command.1.tlog
D:\My_Documents\Visual Studio 2010\Projects\SpeechBCI\SpeechBCI\Debug\rc.read.1.tlog
D:\My_Documents\Visual Studio 2010\Projects\SpeechBCI\SpeechBCI\Debug\rc.write.1.tlog
D:\My_Documents\Visual Studio 2010\Projects\SpeechBCI\SpeechBCI\Debug\SpeechBCI.exe
D:\MY_DOCUMENTS\VISUAL STUDIO 2010\PROJECTS\SPEECHBCI\SPEECHBCI\DEBUG\SPEECHBCI.EXE.EMBED.MANIFEST
D:\MY_DOCUMENTS\VISUAL STUDIO 2010\PROJECTS\SPEECHBCI\SPEECHBCI\DEBUG\SPEECHBCI.EXE.EMBED.MANIFEST.RES
D:\My_Documents\Visual Studio 2010\Projects\SpeechBCI\SpeechBCI\Debug\SpeechBCI.exe.intermediate.manifest
D:\My_Documents\Visual Studio 2010\Projects\SpeechBCI\SpeechBCI\Debug\SpeechBCI.ilk
D:\MY_DOCUMENTS\VISUAL STUDIO 2010\PROJECTS\SPEECHBCI\SPEECHBCI\DEBUG\SPEECHBCI.OBJ
D:\My_Documents\Visual Studio 2010\Projects\SpeechBCI\SpeechBCI\Debug\SpeechBCI.pdb
D:\My_Documents\Visual Studio 2010\Projects\SpeechBCI\SpeechBCI\Debug\SpeechBCI.vcxprojResolveAssemblyReference.cache
D:\My_Documents\Visual Studio 2010\Projects\SpeechBCI\SpeechBCI\Debug\SpeechBCI.write.1.tlog
D:\My_Documents\Visual Studio 2010\Projects\SpeechBCI\SpeechBCI\Debug\SpeechBCI_manifest.rc
D:\MY_DOCUMENTS\VISUAL STUDIO 2010\PROJECTS\SPEECHBCI\SPEECHBCI\DEBUG\SVM.OBJ
D:\My_Documents\Visual Studio 2010\Projects\SpeechBCI\SpeechBCI\Debug\vc100.idb
D:\MY_DOCUMENTS\VISUAL STUDIO 2010\PROJECTS\SPEECHBCI\SPEECHBCI\DEBUG\VC100.PDB
