빌드 시작: 2014-10-10 오후 4:08:35
     1>2 노드의 "E:\My_Documents\Visual Studio 2010\Projects\SpeechBCI\SpeechBCI.vcxproj" 프로젝트(build 대상)입니다.
     1>InitializeBuildStatus:
         "AlwaysCreate"이(가) 지정되었기 때문에 "Release\SpeechBCI.unsuccessfulbuild"을(를) 만들고 있습니다.
       ClCompile:
         c:\Program Files (x86)\Microsoft Visual Studio 10.0\VC\bin\CL.exe /c /Zi /nologo /W3 /WX- /O2 /Oi /Oy- /GL /D WIN32 /D NDEBUG /D _CONSOLE /D _UNICODE /D UNICODE /Gm- /EHsc /MD /GS /Gy /fp:precise /Zc:wchar_t /Zc:forScope /Fo"Release\\" /Fd"Release\vc100.pdb" /Gd /TP /analyze- /errorReport:prompt Classification.cpp SpeechBCI.cpp
         Classification.cpp
     1>Classification.cpp(65): warning C4996: 'strcpy': This function or variable may be unsafe. Consider using strcpy_s instead. To disable deprecation, use _CRT_SECURE_NO_WARNINGS. See online help for details.
                 c:\Program Files (x86)\Microsoft Visual Studio 10.0\VC\include\string.h(105) : 'strcpy' 선언을 참조하십시오.
     1>Classification.cpp(67): warning C4996: 'strcpy': This function or variable may be unsafe. Consider using strcpy_s instead. To disable deprecation, use _CRT_SECURE_NO_WARNINGS. See online help for details.
                 c:\Program Files (x86)\Microsoft Visual Studio 10.0\VC\include\string.h(105) : 'strcpy' 선언을 참조하십시오.
     1>Classification.cpp(368): error C2065: 'cstring' : 선언되지 않은 식별자입니다.
     1>Classification.cpp(368): error C2146: 구문 오류 : ';'이(가) 'a' 식별자 앞에 없습니다.
     1>Classification.cpp(368): error C2065: 'a' : 선언되지 않은 식별자입니다.
         SpeechBCI.cpp
     1>SpeechBCI.cpp(20): warning C4996: 'fopen': This function or variable may be unsafe. Consider using fopen_s instead. To disable deprecation, use _CRT_SECURE_NO_WARNINGS. See online help for details.
                 c:\Program Files (x86)\Microsoft Visual Studio 10.0\VC\include\stdio.h(234) : 'fopen' 선언을 참조하십시오.
     1>SpeechBCI.cpp(21): warning C4996: 'fopen': This function or variable may be unsafe. Consider using fopen_s instead. To disable deprecation, use _CRT_SECURE_NO_WARNINGS. See online help for details.
                 c:\Program Files (x86)\Microsoft Visual Studio 10.0\VC\include\stdio.h(234) : 'fopen' 선언을 참조하십시오.
     1>SpeechBCI.cpp(34): warning C4996: 'fscanf': This function or variable may be unsafe. Consider using fscanf_s instead. To disable deprecation, use _CRT_SECURE_NO_WARNINGS. See online help for details.
                 c:\Program Files (x86)\Microsoft Visual Studio 10.0\VC\include\stdio.h(253) : 'fscanf' 선언을 참조하십시오.
     1>"E:\My_Documents\Visual Studio 2010\Projects\SpeechBCI\SpeechBCI.vcxproj" 프로젝트를 빌드했습니다(build 대상). - 실패

빌드하지 못했습니다.

경과 시간: 00:00:01.30
